Arguments: 
  C:\Program Files\nodejs\node.exe C:\Users\jvalley\AppData\Roaming\npm\node_modules\yarn\bin\yarn.js add @zeit/next-scss

PATH: 
  C:\Python38\Scripts\;C:\Python38\;C:\Windows\system32;C:\Windows;C:\Windows\System32\Wbem;C:\Windows\System32\WindowsPowerShell\v1.0\;C:\Windows\System32\OpenSSH\;C:\ProgramData\chocolatey\bin;C:\Program Files\Git\cmd;C:\tools\php73;C:\Program Files\nodejs\;C:\Users\jvalley\AppData\Local\Microsoft\WindowsApps;C:\Users\jvalley\AppData\Local\Programs\Microsoft VS Code\bin;C:\Users\jvalley\terminal\bin;C:\Users\jvalley\AppData\Roaming\npm;C:\cygwin64\bin

Yarn version: 
  1.22.4

Node version: 
  13.0.1

Platform: 
  win32 x64

Trace: 
  Error: https://registry.yarnpkg.com/@zeit%2fnext-scss: Not found
      at Request.params.callback [as _callback] (C:\Users\jvalley\AppData\Roaming\npm\node_modules\yarn\lib\cli.js:66987:18)
      at Request.self.callback (C:\Users\jvalley\AppData\Roaming\npm\node_modules\yarn\lib\cli.js:140748:22)
      at Request.emit (events.js:210:5)
      at Request.<anonymous> (C:\Users\jvalley\AppData\Roaming\npm\node_modules\yarn\lib\cli.js:141720:10)
      at Request.emit (events.js:210:5)
      at IncomingMessage.<anonymous> (C:\Users\jvalley\AppData\Roaming\npm\node_modules\yarn\lib\cli.js:141642:12)
      at Object.onceWrapper (events.js:299:28)
      at IncomingMessage.emit (events.js:215:7)
      at endReadableNT (_stream_readable.js:1198:12)
      at processTicksAndRejections (internal/process/task_queues.js:80:21)

npm manifest: 
  {
    "name": "mynextapp",
    "version": "1.0.0",
    "description": "",
    "main": "index.js",
    "scripts": {
      "start" : "next",
      "dev" : "next dev",
      "build" : "next build"
    },
    "author": "fadliselaz",
    "license": "MIT",
    "dependencies": {
      "next": "^9.4.1",
      "react": "^16.13.1",
      "react-dom": "^16.13.1"
    }
  }

yarn manifest: 
  No manifest

Lockfile: 
  No lockfile
